0 verbose cli D:\Dictado Cursos\UTP\Software\nodejs\node.exe D:\Dictado Cursos\UTP\Software\nodejs\node_modules\npm\bin\npm-cli.js
1 info using npm@10.9.2
2 info using node@v22.15.0
3 silly config load:file:D:\Dictado Cursos\UTP\Software\nodejs\node_modules\npm\npmrc
4 silly config load:file:D:\Dictado Cursos\UTP\Software\proyectos\mi-proyecto-node\.npmrc
5 silly config load:file:C:\Users\ANTHONY\.npmrc
6 silly config load:file:D:\Dictado Cursos\UTP\Software\npm-global\etc\npmrc
7 verbose title npm install express
8 verbose argv "install" "express" "--save"
9 verbose logfile logs-max:10 dir:D:\Dictado Cursos\UTP\Software\npm-cache\_logs\2025-04-27T19_44_59_433Z-
10 verbose logfile D:\Dictado Cursos\UTP\Software\npm-cache\_logs\2025-04-27T19_44_59_433Z-debug-0.log
11 silly logfile start cleaning logs, removing 1 files
12 silly packumentCache heap:2197815296 maxSize:549453824 maxEntrySize:274726912
13 silly logfile done cleaning log files
14 silly idealTree buildDeps
15 silly fetch manifest express@*
16 silly packumentCache full:https://registry.npmjs.org/express cache-miss
17 http fetch GET 200 https://registry.npmjs.org/express 515ms (cache updated)
18 silly packumentCache full:https://registry.npmjs.org/express set size:undefined disposed:false
19 silly placeDep ROOT express@5.1.0 OK for: mi-proyecto-node@1.0.0 want: *
20 silly fetch manifest qs@^6.14.0
21 silly packumentCache full:https://registry.npmjs.org/qs cache-miss
22 silly fetch manifest etag@^1.8.1
23 silly packumentCache full:https://registry.npmjs.org/etag cache-miss
24 silly fetch manifest once@^1.4.0
25 silly packumentCache full:https://registry.npmjs.org/once cache-miss
26 http fetch GET 200 https://registry.npmjs.org/once 104ms (cache updated)
27 silly packumentCache full:https://registry.npmjs.org/once set size:undefined disposed:false
28 silly fetch manifest send@^1.1.0
29 silly packumentCache full:https://registry.npmjs.org/send cache-miss
30 http fetch GET 200 https://registry.npmjs.org/send 102ms (cache updated)
31 silly packumentCache full:https://registry.npmjs.org/send set size:undefined disposed:false
32 silly fetch manifest vary@^1.1.2
33 silly packumentCache full:https://registry.npmjs.org/vary cache-miss
34 http fetch GET 200 https://registry.npmjs.org/etag 290ms (cache updated)
35 silly packumentCache full:https://registry.npmjs.org/etag set size:undefined disposed:false
36 silly fetch manifest debug@^4.4.0
37 silly packumentCache full:https://registry.npmjs.org/debug cache-miss
38 http fetch GET 200 https://registry.npmjs.org/qs 293ms (cache updated)
39 silly packumentCache full:https://registry.npmjs.org/qs set size:undefined disposed:false
40 silly fetch manifest fresh@^2.0.0
41 silly packumentCache full:https://registry.npmjs.org/fresh cache-miss
42 http fetch GET 200 https://registry.npmjs.org/vary 96ms (cache updated)
43 silly packumentCache full:https://registry.npmjs.org/vary set size:undefined disposed:false
44 silly fetch manifest cookie@^0.7.1
45 silly packumentCache full:https://registry.npmjs.org/cookie cache-miss
46 http fetch GET 200 https://registry.npmjs.org/fresh 93ms (cache updated)
47 silly packumentCache full:https://registry.npmjs.org/fresh set size:undefined disposed:false
48 silly fetch manifest router@^2.2.0
49 silly packumentCache full:https://registry.npmjs.org/router cache-miss
50 http fetch GET 200 https://registry.npmjs.org/cookie 98ms (cache updated)
51 silly packumentCache full:https://registry.npmjs.org/cookie set size:undefined disposed:false
52 silly fetch manifest accepts@^2.0.0
53 silly packumentCache full:https://registry.npmjs.org/accepts cache-miss
54 http fetch GET 200 https://registry.npmjs.org/debug 121ms (cache updated)
55 silly packumentCache full:https://registry.npmjs.org/debug set size:undefined disposed:false
56 silly fetch manifest type-is@^2.0.1
57 silly packumentCache full:https://registry.npmjs.org/type-is cache-miss
58 http fetch GET 200 https://registry.npmjs.org/router 109ms (cache updated)
59 silly packumentCache full:https://registry.npmjs.org/router set size:undefined disposed:false
60 silly fetch manifest parseurl@^1.3.3
61 silly packumentCache full:https://registry.npmjs.org/parseurl cache-miss
62 http fetch GET 200 https://registry.npmjs.org/type-is 110ms (cache updated)
63 silly packumentCache full:https://registry.npmjs.org/type-is set size:undefined disposed:false
64 silly fetch manifest statuses@^2.0.1
65 silly packumentCache full:https://registry.npmjs.org/statuses cache-miss
66 http fetch GET 200 https://registry.npmjs.org/accepts 120ms (cache updated)
67 silly packumentCache full:https://registry.npmjs.org/accepts set size:undefined disposed:false
68 silly fetch manifest encodeurl@^2.0.0
69 silly packumentCache full:https://registry.npmjs.org/encodeurl cache-miss
70 http fetch GET 200 https://registry.npmjs.org/parseurl 102ms (cache updated)
71 silly packumentCache full:https://registry.npmjs.org/parseurl set size:undefined disposed:false
72 silly fetch manifest mime-types@^3.0.0
73 silly packumentCache full:https://registry.npmjs.org/mime-types cache-miss
74 http fetch GET 200 https://registry.npmjs.org/statuses 95ms (cache updated)
75 silly packumentCache full:https://registry.npmjs.org/statuses set size:undefined disposed:false
76 silly fetch manifest proxy-addr@^2.0.7
77 silly packumentCache full:https://registry.npmjs.org/proxy-addr cache-miss
78 http fetch GET 200 https://registry.npmjs.org/encodeurl 105ms (cache updated)
79 silly packumentCache full:https://registry.npmjs.org/encodeurl set size:undefined disposed:false
80 silly fetch manifest body-parser@^2.2.0
81 silly packumentCache full:https://registry.npmjs.org/body-parser cache-miss
82 http fetch GET 200 https://registry.npmjs.org/mime-types 102ms (cache updated)
83 silly packumentCache full:https://registry.npmjs.org/mime-types set size:undefined disposed:false
84 silly fetch manifest escape-html@^1.0.3
85 silly packumentCache full:https://registry.npmjs.org/escape-html cache-miss
86 http fetch GET 200 https://registry.npmjs.org/body-parser 94ms (cache updated)
87 silly packumentCache full:https://registry.npmjs.org/body-parser set size:undefined disposed:false
88 silly fetch manifest http-errors@^2.0.0
89 silly packumentCache full:https://registry.npmjs.org/http-errors cache-miss
90 http fetch GET 200 https://registry.npmjs.org/proxy-addr 115ms (cache updated)
91 silly packumentCache full:https://registry.npmjs.org/proxy-addr set size:undefined disposed:false
92 silly fetch manifest on-finished@^2.4.1
93 silly packumentCache full:https://registry.npmjs.org/on-finished cache-miss
94 http fetch GET 200 https://registry.npmjs.org/escape-html 92ms (cache updated)
95 silly packumentCache full:https://registry.npmjs.org/escape-html set size:undefined disposed:false
96 silly fetch manifest content-type@^1.0.5
97 silly packumentCache full:https://registry.npmjs.org/content-type cache-miss
98 http fetch GET 200 https://registry.npmjs.org/http-errors 91ms (cache updated)
99 silly packumentCache full:https://registry.npmjs.org/http-errors set size:undefined disposed:false
100 silly fetch manifest finalhandler@^2.1.0
101 silly packumentCache full:https://registry.npmjs.org/finalhandler cache-miss
102 http fetch GET 200 https://registry.npmjs.org/on-finished 89ms (cache updated)
103 silly packumentCache full:https://registry.npmjs.org/on-finished set size:undefined disposed:false
104 silly fetch manifest range-parser@^1.2.1
105 silly packumentCache full:https://registry.npmjs.org/range-parser cache-miss
106 http fetch GET 200 https://registry.npmjs.org/content-type 89ms (cache updated)
107 silly packumentCache full:https://registry.npmjs.org/content-type set size:undefined disposed:false
108 silly fetch manifest serve-static@^2.2.0
109 silly packumentCache full:https://registry.npmjs.org/serve-static cache-miss
110 http fetch GET 200 https://registry.npmjs.org/range-parser 84ms (cache updated)
111 silly packumentCache full:https://registry.npmjs.org/range-parser set size:undefined disposed:false
112 silly fetch manifest cookie-signature@^1.2.1
113 silly packumentCache full:https://registry.npmjs.org/cookie-signature cache-miss
114 http fetch GET 200 https://registry.npmjs.org/finalhandler 103ms (cache updated)
115 silly packumentCache full:https://registry.npmjs.org/finalhandler set size:undefined disposed:false
116 silly fetch manifest merge-descriptors@^2.0.0
117 silly packumentCache full:https://registry.npmjs.org/merge-descriptors cache-miss
118 http fetch GET 200 https://registry.npmjs.org/serve-static 105ms (cache updated)
119 silly packumentCache full:https://registry.npmjs.org/serve-static set size:undefined disposed:false
120 silly fetch manifest content-disposition@^1.0.0
121 silly packumentCache full:https://registry.npmjs.org/content-disposition cache-miss
122 http fetch GET 200 https://registry.npmjs.org/merge-descriptors 87ms (cache updated)
123 silly packumentCache full:https://registry.npmjs.org/merge-descriptors set size:undefined disposed:false
124 http fetch GET 200 https://registry.npmjs.org/cookie-signature 113ms (cache updated)
125 silly packumentCache full:https://registry.npmjs.org/cookie-signature set size:undefined disposed:false
126 http fetch GET 200 https://registry.npmjs.org/content-disposition 113ms (cache updated)
127 silly packumentCache full:https://registry.npmjs.org/content-disposition set size:undefined disposed:false
128 silly placeDep ROOT accepts@2.0.0 OK for: express@5.1.0 want: ^2.0.0
129 silly placeDep ROOT body-parser@2.2.0 OK for: express@5.1.0 want: ^2.2.0
130 silly placeDep ROOT content-disposition@1.0.0 OK for: express@5.1.0 want: ^1.0.0
131 silly placeDep ROOT content-type@1.0.5 OK for: express@5.1.0 want: ^1.0.5
132 silly placeDep ROOT cookie@0.7.2 OK for: express@5.1.0 want: ^0.7.1
133 silly placeDep ROOT cookie-signature@1.2.2 OK for: express@5.1.0 want: ^1.2.1
134 silly placeDep ROOT debug@4.4.0 OK for: express@5.1.0 want: ^4.4.0
135 silly placeDep ROOT encodeurl@2.0.0 OK for: express@5.1.0 want: ^2.0.0
136 silly placeDep ROOT escape-html@1.0.3 OK for: express@5.1.0 want: ^1.0.3
137 silly placeDep ROOT etag@1.8.1 OK for: express@5.1.0 want: ^1.8.1
138 silly placeDep ROOT finalhandler@2.1.0 OK for: express@5.1.0 want: ^2.1.0
139 silly placeDep ROOT fresh@2.0.0 OK for: express@5.1.0 want: ^2.0.0
140 silly placeDep ROOT http-errors@2.0.0 OK for: express@5.1.0 want: ^2.0.0
141 silly placeDep ROOT merge-descriptors@2.0.0 OK for: express@5.1.0 want: ^2.0.0
142 silly placeDep ROOT mime-types@3.0.1 OK for: express@5.1.0 want: ^3.0.0
143 silly placeDep ROOT on-finished@2.4.1 OK for: express@5.1.0 want: ^2.4.1
144 silly placeDep ROOT once@1.4.0 OK for: express@5.1.0 want: ^1.4.0
145 silly placeDep ROOT parseurl@1.3.3 OK for: express@5.1.0 want: ^1.3.3
146 silly placeDep ROOT proxy-addr@2.0.7 OK for: express@5.1.0 want: ^2.0.7
147 silly placeDep ROOT qs@6.14.0 OK for: express@5.1.0 want: ^6.14.0
148 silly placeDep ROOT range-parser@1.2.1 OK for: express@5.1.0 want: ^1.2.1
149 silly placeDep ROOT router@2.2.0 OK for: express@5.1.0 want: ^2.2.0
150 silly placeDep ROOT send@1.2.0 OK for: express@5.1.0 want: ^1.1.0
151 silly placeDep ROOT serve-static@2.2.0 OK for: express@5.1.0 want: ^2.2.0
152 silly placeDep ROOT statuses@2.0.1 OK for: express@5.1.0 want: ^2.0.1
153 silly placeDep ROOT type-is@2.0.1 OK for: express@5.1.0 want: ^2.0.1
154 silly placeDep ROOT vary@1.1.2 OK for: express@5.1.0 want: ^1.1.2
155 silly fetch manifest negotiator@^1.0.0
156 silly packumentCache full:https://registry.npmjs.org/negotiator cache-miss
157 silly fetch manifest bytes@^3.1.2
158 silly packumentCache full:https://registry.npmjs.org/bytes cache-miss
159 silly fetch manifest iconv-lite@^0.6.3
160 silly packumentCache full:https://registry.npmjs.org/iconv-lite cache-miss
161 http fetch GET 200 https://registry.npmjs.org/bytes 99ms (cache updated)
162 silly packumentCache full:https://registry.npmjs.org/bytes set size:undefined disposed:false
163 silly fetch manifest raw-body@^3.0.0
164 silly packumentCache full:https://registry.npmjs.org/raw-body cache-miss
165 http fetch GET 200 https://registry.npmjs.org/negotiator 106ms (cache updated)
166 silly packumentCache full:https://registry.npmjs.org/negotiator set size:undefined disposed:false
167 silly fetch manifest type-is@^2.0.0
168 silly packumentCache full:https://registry.npmjs.org/type-is cache-miss
169 http fetch GET 200 https://registry.npmjs.org/iconv-lite 108ms (cache updated)
170 silly packumentCache full:https://registry.npmjs.org/iconv-lite set size:undefined disposed:false
171 silly fetch manifest safe-buffer@5.2.1
172 silly packumentCache full:https://registry.npmjs.org/safe-buffer cache-miss
173 http cache https://registry.npmjs.org/type-is 17ms (cache hit)
174 silly packumentCache full:https://registry.npmjs.org/type-is set size:86196 disposed:false
175 silly fetch manifest ms@^2.1.3
176 silly packumentCache full:https://registry.npmjs.org/ms cache-miss
177 http fetch GET 200 https://registry.npmjs.org/raw-body 92ms (cache updated)
178 silly packumentCache full:https://registry.npmjs.org/raw-body set size:undefined disposed:false
179 silly fetch manifest depd@2.0.0
180 silly packumentCache full:https://registry.npmjs.org/depd cache-miss
181 http fetch GET 200 https://registry.npmjs.org/ms 88ms (cache updated)
182 silly packumentCache full:https://registry.npmjs.org/ms set size:undefined disposed:false
183 silly fetch manifest inherits@2.0.4
184 silly packumentCache full:https://registry.npmjs.org/inherits cache-miss
185 http fetch GET 200 https://registry.npmjs.org/safe-buffer 106ms (cache updated)
186 silly packumentCache full:https://registry.npmjs.org/safe-buffer set size:undefined disposed:false
187 silly fetch manifest setprototypeof@1.2.0
188 silly packumentCache full:https://registry.npmjs.org/setprototypeof cache-miss
189 http fetch GET 200 https://registry.npmjs.org/depd 92ms (cache updated)
190 silly packumentCache full:https://registry.npmjs.org/depd set size:undefined disposed:false
191 silly fetch manifest statuses@2.0.1
192 silly packumentCache full:https://registry.npmjs.org/statuses cache-miss
193 http cache https://registry.npmjs.org/statuses 8ms (cache hit)
194 silly packumentCache full:https://registry.npmjs.org/statuses set size:34272 disposed:false
195 silly fetch manifest toidentifier@1.0.1
196 silly packumentCache full:https://registry.npmjs.org/toidentifier cache-miss
197 http fetch GET 200 https://registry.npmjs.org/inherits 90ms (cache updated)
198 silly packumentCache full:https://registry.npmjs.org/inherits set size:undefined disposed:false
199 silly fetch manifest mime-db@^1.54.0
200 silly packumentCache full:https://registry.npmjs.org/mime-db cache-miss
201 http fetch GET 200 https://registry.npmjs.org/setprototypeof 90ms (cache updated)
202 silly packumentCache full:https://registry.npmjs.org/setprototypeof set size:undefined disposed:false
203 silly fetch manifest ee-first@1.1.1
204 silly packumentCache full:https://registry.npmjs.org/ee-first cache-miss
205 http fetch GET 200 https://registry.npmjs.org/toidentifier 102ms (cache updated)
206 silly packumentCache full:https://registry.npmjs.org/toidentifier set size:undefined disposed:false
207 silly fetch manifest wrappy@1
208 silly packumentCache full:https://registry.npmjs.org/wrappy cache-miss
209 http fetch GET 200 https://registry.npmjs.org/mime-db 93ms (cache updated)
210 silly packumentCache full:https://registry.npmjs.org/mime-db set size:undefined disposed:false
211 silly fetch manifest forwarded@0.2.0
212 silly packumentCache full:https://registry.npmjs.org/forwarded cache-miss
213 http fetch GET 200 https://registry.npmjs.org/ee-first 114ms (cache updated)
214 silly packumentCache full:https://registry.npmjs.org/ee-first set size:undefined disposed:false
215 silly fetch manifest ipaddr.js@1.9.1
216 silly packumentCache full:https://registry.npmjs.org/ipaddr.js cache-miss
217 http fetch GET 200 https://registry.npmjs.org/wrappy 83ms (cache updated)
218 silly packumentCache full:https://registry.npmjs.org/wrappy set size:undefined disposed:false
219 silly fetch manifest side-channel@^1.1.0
220 silly packumentCache full:https://registry.npmjs.org/side-channel cache-miss
221 http fetch GET 200 https://registry.npmjs.org/forwarded 86ms (cache updated)
222 silly packumentCache full:https://registry.npmjs.org/forwarded set size:undefined disposed:false
223 silly fetch manifest depd@^2.0.0
224 silly packumentCache full:https://registry.npmjs.org/depd cache-miss
225 http cache https://registry.npmjs.org/depd 6ms (cache hit)
226 silly packumentCache full:https://registry.npmjs.org/depd set size:40182 disposed:false
227 silly fetch manifest is-promise@^4.0.0
228 silly packumentCache full:https://registry.npmjs.org/is-promise cache-miss
229 http fetch GET 200 https://registry.npmjs.org/ipaddr.js 90ms (cache updated)
230 silly packumentCache full:https://registry.npmjs.org/ipaddr.js set size:undefined disposed:false
231 silly fetch manifest path-to-regexp@^8.0.0
232 silly packumentCache full:https://registry.npmjs.org/path-to-regexp cache-miss
233 http fetch GET 200 https://registry.npmjs.org/side-channel 87ms (cache updated)
234 silly packumentCache full:https://registry.npmjs.org/side-channel set size:undefined disposed:false
235 silly fetch manifest media-typer@^1.1.0
236 silly packumentCache full:https://registry.npmjs.org/media-typer cache-miss
237 http fetch GET 200 https://registry.npmjs.org/is-promise 87ms (cache updated)
238 silly packumentCache full:https://registry.npmjs.org/is-promise set size:undefined disposed:false
239 http fetch GET 200 https://registry.npmjs.org/path-to-regexp 91ms (cache updated)
240 silly packumentCache full:https://registry.npmjs.org/path-to-regexp set size:undefined disposed:false
241 http fetch GET 200 https://registry.npmjs.org/media-typer 86ms (cache updated)
242 silly packumentCache full:https://registry.npmjs.org/media-typer set size:undefined disposed:false
243 silly placeDep ROOT negotiator@1.0.0 OK for: accepts@2.0.0 want: ^1.0.0
244 silly placeDep ROOT bytes@3.1.2 OK for: body-parser@2.2.0 want: ^3.1.2
245 silly placeDep ROOT iconv-lite@0.6.3 OK for: body-parser@2.2.0 want: ^0.6.3
246 silly placeDep ROOT raw-body@3.0.0 OK for: body-parser@2.2.0 want: ^3.0.0
247 silly fetch manifest safer-buffer@>= 2.1.2 < 3.0.0
248 silly packumentCache full:https://registry.npmjs.org/safer-buffer cache-miss
249 silly fetch manifest unpipe@1.0.0
250 silly packumentCache full:https://registry.npmjs.org/unpipe cache-miss
251 http fetch GET 200 https://registry.npmjs.org/safer-buffer 89ms (cache updated)
252 silly packumentCache full:https://registry.npmjs.org/safer-buffer set size:undefined disposed:false
253 http fetch GET 200 https://registry.npmjs.org/unpipe 95ms (cache updated)
254 silly packumentCache full:https://registry.npmjs.org/unpipe set size:undefined disposed:false
255 silly placeDep ROOT safe-buffer@5.2.1 OK for: content-disposition@1.0.0 want: 5.2.1
256 silly placeDep ROOT ms@2.1.3 OK for: debug@4.4.0 want: ^2.1.3
257 silly placeDep ROOT depd@2.0.0 OK for: http-errors@2.0.0 want: 2.0.0
258 silly placeDep ROOT inherits@2.0.4 OK for: http-errors@2.0.0 want: 2.0.4
259 silly placeDep ROOT setprototypeof@1.2.0 OK for: http-errors@2.0.0 want: 1.2.0
260 silly placeDep ROOT toidentifier@1.0.1 OK for: http-errors@2.0.0 want: 1.0.1
261 silly placeDep ROOT safer-buffer@2.1.2 OK for: iconv-lite@0.6.3 want: >= 2.1.2 < 3.0.0
262 silly placeDep ROOT mime-db@1.54.0 OK for: mime-types@3.0.1 want: ^1.54.0
263 silly placeDep ROOT ee-first@1.1.1 OK for: on-finished@2.4.1 want: 1.1.1
264 silly placeDep ROOT wrappy@1.0.2 OK for: once@1.4.0 want: 1
265 silly placeDep ROOT forwarded@0.2.0 OK for: proxy-addr@2.0.7 want: 0.2.0
266 silly placeDep ROOT ipaddr.js@1.9.1 OK for: proxy-addr@2.0.7 want: 1.9.1
267 silly placeDep ROOT side-channel@1.1.0 OK for: qs@6.14.0 want: ^1.1.0
268 silly fetch manifest es-errors@^1.3.0
269 silly packumentCache full:https://registry.npmjs.org/es-errors cache-miss
270 silly fetch manifest object-inspect@^1.13.3
271 silly packumentCache full:https://registry.npmjs.org/object-inspect cache-miss
272 silly fetch manifest side-channel-list@^1.0.0
273 silly packumentCache full:https://registry.npmjs.org/side-channel-list cache-miss
274 http fetch GET 200 https://registry.npmjs.org/es-errors 82ms (cache updated)
275 silly packumentCache full:https://registry.npmjs.org/es-errors set size:undefined disposed:false
276 silly fetch manifest side-channel-map@^1.0.1
277 silly packumentCache full:https://registry.npmjs.org/side-channel-map cache-miss
278 http fetch GET 200 https://registry.npmjs.org/side-channel-list 95ms (cache updated)
279 silly packumentCache full:https://registry.npmjs.org/side-channel-list set size:undefined disposed:false
280 silly fetch manifest side-channel-weakmap@^1.0.2
281 silly packumentCache full:https://registry.npmjs.org/side-channel-weakmap cache-miss
282 http fetch GET 200 https://registry.npmjs.org/object-inspect 96ms (cache updated)
283 silly packumentCache full:https://registry.npmjs.org/object-inspect set size:undefined disposed:false
284 http fetch GET 200 https://registry.npmjs.org/side-channel-map 104ms (cache updated)
285 silly packumentCache full:https://registry.npmjs.org/side-channel-map set size:undefined disposed:false
286 http fetch GET 200 https://registry.npmjs.org/side-channel-weakmap 92ms (cache updated)
287 silly packumentCache full:https://registry.npmjs.org/side-channel-weakmap set size:undefined disposed:false
288 silly placeDep ROOT unpipe@1.0.0 OK for: raw-body@3.0.0 want: 1.0.0
289 silly placeDep ROOT is-promise@4.0.0 OK for: router@2.2.0 want: ^4.0.0
290 silly placeDep ROOT path-to-regexp@8.2.0 OK for: router@2.2.0 want: ^8.0.0
291 silly placeDep ROOT es-errors@1.3.0 OK for: side-channel@1.1.0 want: ^1.3.0
292 silly placeDep ROOT object-inspect@1.13.4 OK for: side-channel@1.1.0 want: ^1.13.3
293 silly placeDep ROOT side-channel-list@1.0.0 OK for: side-channel@1.1.0 want: ^1.0.0
294 silly placeDep ROOT side-channel-map@1.0.1 OK for: side-channel@1.1.0 want: ^1.0.1
295 silly placeDep ROOT side-channel-weakmap@1.0.2 OK for: side-channel@1.1.0 want: ^1.0.2
296 silly fetch manifest call-bound@^1.0.2
297 silly packumentCache full:https://registry.npmjs.org/call-bound cache-miss
298 silly fetch manifest get-intrinsic@^1.2.5
299 silly packumentCache full:https://registry.npmjs.org/get-intrinsic cache-miss
300 silly fetch manifest call-bound@^1.0.2
301 silly packumentCache full:https://registry.npmjs.org/call-bound cache-miss
302 http fetch GET 200 https://registry.npmjs.org/call-bound 92ms (cache updated)
303 silly packumentCache full:https://registry.npmjs.org/call-bound set size:undefined disposed:false
304 silly fetch manifest get-intrinsic@^1.2.5
305 silly packumentCache full:https://registry.npmjs.org/get-intrinsic cache-miss
306 http fetch GET 200 https://registry.npmjs.org/call-bound 96ms (cache updated)
307 silly packumentCache full:https://registry.npmjs.org/call-bound set size:undefined disposed:false
308 http fetch GET 200 https://registry.npmjs.org/get-intrinsic 137ms (cache updated)
309 silly packumentCache full:https://registry.npmjs.org/get-intrinsic set size:undefined disposed:false
310 http fetch GET 200 https://registry.npmjs.org/get-intrinsic 81ms (cache updated)
311 silly packumentCache full:https://registry.npmjs.org/get-intrinsic set size:undefined disposed:false
312 silly placeDep ROOT call-bound@1.0.4 OK for: side-channel-map@1.0.1 want: ^1.0.2
313 silly placeDep ROOT get-intrinsic@1.3.0 OK for: side-channel-map@1.0.1 want: ^1.2.5
314 silly fetch manifest call-bind-apply-helpers@^1.0.2
315 silly packumentCache full:https://registry.npmjs.org/call-bind-apply-helpers cache-miss
316 silly fetch manifest get-intrinsic@^1.3.0
317 silly packumentCache full:https://registry.npmjs.org/get-intrinsic cache-miss
318 silly fetch manifest call-bind-apply-helpers@^1.0.2
319 silly packumentCache full:https://registry.npmjs.org/call-bind-apply-helpers cache-miss
320 http cache https://registry.npmjs.org/get-intrinsic 9ms (cache hit)
321 silly packumentCache full:https://registry.npmjs.org/get-intrinsic set size:57687 disposed:false
322 silly fetch manifest es-define-property@^1.0.1
323 silly packumentCache full:https://registry.npmjs.org/es-define-property cache-miss
324 http fetch GET 200 https://registry.npmjs.org/call-bind-apply-helpers 97ms (cache updated)
325 silly packumentCache full:https://registry.npmjs.org/call-bind-apply-helpers set size:undefined disposed:false
326 silly fetch manifest es-object-atoms@^1.1.1
327 silly packumentCache full:https://registry.npmjs.org/es-object-atoms cache-miss
328 http fetch GET 200 https://registry.npmjs.org/call-bind-apply-helpers 97ms (cache updated)
329 silly packumentCache full:https://registry.npmjs.org/call-bind-apply-helpers set size:undefined disposed:false
330 silly fetch manifest function-bind@^1.1.2
331 silly packumentCache full:https://registry.npmjs.org/function-bind cache-miss
332 http fetch GET 200 https://registry.npmjs.org/es-define-property 93ms (cache updated)
333 silly packumentCache full:https://registry.npmjs.org/es-define-property set size:undefined disposed:false
334 silly fetch manifest get-proto@^1.0.1
335 silly packumentCache full:https://registry.npmjs.org/get-proto cache-miss
336 http fetch GET 200 https://registry.npmjs.org/function-bind 88ms (cache updated)
337 silly packumentCache full:https://registry.npmjs.org/function-bind set size:undefined disposed:false
338 silly fetch manifest gopd@^1.2.0
339 silly packumentCache full:https://registry.npmjs.org/gopd cache-miss
340 http fetch GET 200 https://registry.npmjs.org/es-object-atoms 100ms (cache updated)
341 silly packumentCache full:https://registry.npmjs.org/es-object-atoms set size:undefined disposed:false
342 silly fetch manifest has-symbols@^1.1.0
343 silly packumentCache full:https://registry.npmjs.org/has-symbols cache-miss
344 http fetch GET 200 https://registry.npmjs.org/get-proto 94ms (cache updated)
345 silly packumentCache full:https://registry.npmjs.org/get-proto set size:undefined disposed:false
346 silly fetch manifest hasown@^2.0.2
347 silly packumentCache full:https://registry.npmjs.org/hasown cache-miss
348 http fetch GET 200 https://registry.npmjs.org/gopd 94ms (cache updated)
349 silly packumentCache full:https://registry.npmjs.org/gopd set size:undefined disposed:false
350 silly fetch manifest math-intrinsics@^1.1.0
351 silly packumentCache full:https://registry.npmjs.org/math-intrinsics cache-miss
352 http fetch GET 200 https://registry.npmjs.org/hasown 92ms (cache updated)
353 silly packumentCache full:https://registry.npmjs.org/hasown set size:undefined disposed:false
354 http fetch GET 200 https://registry.npmjs.org/math-intrinsics 95ms (cache updated)
355 silly packumentCache full:https://registry.npmjs.org/math-intrinsics set size:undefined disposed:false
356 http fetch GET 200 https://registry.npmjs.org/has-symbols 217ms (cache updated)
357 silly packumentCache full:https://registry.npmjs.org/has-symbols set size:undefined disposed:false
358 silly placeDep ROOT call-bind-apply-helpers@1.0.2 OK for: call-bound@1.0.4 want: ^1.0.2
359 silly placeDep ROOT function-bind@1.1.2 OK for: call-bind-apply-helpers@1.0.2 want: ^1.1.2
360 silly placeDep ROOT es-define-property@1.0.1 OK for: get-intrinsic@1.3.0 want: ^1.0.1
361 silly placeDep ROOT es-object-atoms@1.1.1 OK for: get-intrinsic@1.3.0 want: ^1.1.1
362 silly placeDep ROOT get-proto@1.0.1 OK for: get-intrinsic@1.3.0 want: ^1.0.1
363 silly placeDep ROOT gopd@1.2.0 OK for: get-intrinsic@1.3.0 want: ^1.2.0
364 silly placeDep ROOT has-symbols@1.1.0 OK for: get-intrinsic@1.3.0 want: ^1.1.0
365 silly placeDep ROOT hasown@2.0.2 OK for: get-intrinsic@1.3.0 want: ^2.0.2
366 silly placeDep ROOT math-intrinsics@1.1.0 OK for: get-intrinsic@1.3.0 want: ^1.1.0
367 silly fetch manifest dunder-proto@^1.0.1
368 silly packumentCache full:https://registry.npmjs.org/dunder-proto cache-miss
369 http fetch GET 200 https://registry.npmjs.org/dunder-proto 85ms (cache updated)
370 silly packumentCache full:https://registry.npmjs.org/dunder-proto set size:undefined disposed:false
371 silly placeDep ROOT dunder-proto@1.0.1 OK for: get-proto@1.0.1 want: ^1.0.1
372 silly placeDep ROOT media-typer@1.1.0 OK for: type-is@2.0.1 want: ^1.1.0
373 silly reify moves {}
374 silly audit bulk request {
374 silly audit   express: [ '5.1.0' ],
374 silly audit   accepts: [ '2.0.0' ],
374 silly audit   'body-parser': [ '2.2.0' ],
374 silly audit   'content-disposition': [ '1.0.0' ],
374 silly audit   'content-type': [ '1.0.5' ],
374 silly audit   cookie: [ '0.7.2' ],
374 silly audit   'cookie-signature': [ '1.2.2' ],
374 silly audit   debug: [ '4.4.0' ],
374 silly audit   encodeurl: [ '2.0.0' ],
374 silly audit   'escape-html': [ '1.0.3' ],
374 silly audit   etag: [ '1.8.1' ],
374 silly audit   finalhandler: [ '2.1.0' ],
374 silly audit   fresh: [ '2.0.0' ],
374 silly audit   'http-errors': [ '2.0.0' ],
374 silly audit   'merge-descriptors': [ '2.0.0' ],
374 silly audit   'mime-types': [ '3.0.1' ],
374 silly audit   'on-finished': [ '2.4.1' ],
374 silly audit   once: [ '1.4.0' ],
374 silly audit   parseurl: [ '1.3.3' ],
374 silly audit   'proxy-addr': [ '2.0.7' ],
374 silly audit   qs: [ '6.14.0' ],
374 silly audit   'range-parser': [ '1.2.1' ],
374 silly audit   router: [ '2.2.0' ],
374 silly audit   send: [ '1.2.0' ],
374 silly audit   'serve-static': [ '2.2.0' ],
374 silly audit   statuses: [ '2.0.1' ],
374 silly audit   'type-is': [ '2.0.1' ],
374 silly audit   vary: [ '1.1.2' ],
374 silly audit   negotiator: [ '1.0.0' ],
374 silly audit   bytes: [ '3.1.2' ],
374 silly audit   'iconv-lite': [ '0.6.3' ],
374 silly audit   'raw-body': [ '3.0.0' ],
374 silly audit   'safe-buffer': [ '5.2.1' ],
374 silly audit   ms: [ '2.1.3' ],
374 silly audit   depd: [ '2.0.0' ],
374 silly audit   inherits: [ '2.0.4' ],
374 silly audit   setprototypeof: [ '1.2.0' ],
374 silly audit   toidentifier: [ '1.0.1' ],
374 silly audit   'safer-buffer': [ '2.1.2' ],
374 silly audit   'mime-db': [ '1.54.0' ],
374 silly audit   'ee-first': [ '1.1.1' ],
374 silly audit   wrappy: [ '1.0.2' ],
374 silly audit   forwarded: [ '0.2.0' ],
374 silly audit   'ipaddr.js': [ '1.9.1' ],
374 silly audit   'side-channel': [ '1.1.0' ],
374 silly audit   unpipe: [ '1.0.0' ],
374 silly audit   'is-promise': [ '4.0.0' ],
374 silly audit   'path-to-regexp': [ '8.2.0' ],
374 silly audit   'es-errors': [ '1.3.0' ],
374 silly audit   'object-inspect': [ '1.13.4' ],
374 silly audit   'side-channel-list': [ '1.0.0' ],
374 silly audit   'side-channel-map': [ '1.0.1' ],
374 silly audit   'side-channel-weakmap': [ '1.0.2' ],
374 silly audit   'call-bound': [ '1.0.4' ],
374 silly audit   'get-intrinsic': [ '1.3.0' ],
374 silly audit   'call-bind-apply-helpers': [ '1.0.2' ],
374 silly audit   'function-bind': [ '1.1.2' ],
374 silly audit   'es-define-property': [ '1.0.1' ],
374 silly audit   'es-object-atoms': [ '1.1.1' ],
374 silly audit   'get-proto': [ '1.0.1' ],
374 silly audit   gopd: [ '1.2.0' ],
374 silly audit   'has-symbols': [ '1.1.0' ],
374 silly audit   hasown: [ '2.0.2' ],
374 silly audit   'math-intrinsics': [ '1.1.0' ],
374 silly audit   'dunder-proto': [ '1.0.1' ],
374 silly audit   'media-typer': [ '1.1.0' ]
374 silly audit }
375 http cache dunder-proto@https://registry.npmjs.org/dunder-proto/-/dunder-proto-1.0.1.tgz 0ms (cache hit)
376 http cache media-typer@https://registry.npmjs.org/media-typer/-/media-typer-1.1.0.tgz 0ms (cache hit)
377 http cache math-intrinsics@https://registry.npmjs.org/math-intrinsics/-/math-intrinsics-1.1.0.tgz 0ms (cache hit)
378 http cache hasown@https://registry.npmjs.org/hasown/-/hasown-2.0.2.tgz 0ms (cache hit)
379 http cache has-symbols@https://registry.npmjs.org/has-symbols/-/has-symbols-1.1.0.tgz 0ms (cache hit)
380 http cache gopd@https://registry.npmjs.org/gopd/-/gopd-1.2.0.tgz 0ms (cache hit)
381 http cache get-proto@https://registry.npmjs.org/get-proto/-/get-proto-1.0.1.tgz 0ms (cache hit)
382 http cache es-object-atoms@https://registry.npmjs.org/es-object-atoms/-/es-object-atoms-1.1.1.tgz 0ms (cache hit)
383 http cache es-define-property@https://registry.npmjs.org/es-define-property/-/es-define-property-1.0.1.tgz 0ms (cache hit)
384 http cache function-bind@https://registry.npmjs.org/function-bind/-/function-bind-1.1.2.tgz 0ms (cache hit)
385 http cache call-bind-apply-helpers@https://registry.npmjs.org/call-bind-apply-helpers/-/call-bind-apply-helpers-1.0.2.tgz 0ms (cache hit)
386 http cache get-intrinsic@https://registry.npmjs.org/get-intrinsic/-/get-intrinsic-1.3.0.tgz 0ms (cache hit)
387 http cache side-channel-weakmap@https://registry.npmjs.org/side-channel-weakmap/-/side-channel-weakmap-1.0.2.tgz 0ms (cache hit)
388 http cache side-channel-map@https://registry.npmjs.org/side-channel-map/-/side-channel-map-1.0.1.tgz 0ms (cache hit)
389 http cache side-channel-list@https://registry.npmjs.org/side-channel-list/-/side-channel-list-1.0.0.tgz 0ms (cache hit)
390 http cache object-inspect@https://registry.npmjs.org/object-inspect/-/object-inspect-1.13.4.tgz 0ms (cache hit)
391 http cache es-errors@https://registry.npmjs.org/es-errors/-/es-errors-1.3.0.tgz 0ms (cache hit)
392 http cache path-to-regexp@https://registry.npmjs.org/path-to-regexp/-/path-to-regexp-8.2.0.tgz 0ms (cache hit)
393 http cache is-promise@https://registry.npmjs.org/is-promise/-/is-promise-4.0.0.tgz 0ms (cache hit)
394 http cache unpipe@https://registry.npmjs.org/unpipe/-/unpipe-1.0.0.tgz 0ms (cache hit)
395 http cache side-channel@https://registry.npmjs.org/side-channel/-/side-channel-1.1.0.tgz 0ms (cache hit)
396 http cache forwarded@https://registry.npmjs.org/forwarded/-/forwarded-0.2.0.tgz 0ms (cache hit)
397 http cache wrappy@https://registry.npmjs.org/wrappy/-/wrappy-1.0.2.tgz 0ms (cache hit)
398 http cache ee-first@https://registry.npmjs.org/ee-first/-/ee-first-1.1.1.tgz 0ms (cache hit)
399 http cache call-bound@https://registry.npmjs.org/call-bound/-/call-bound-1.0.4.tgz 0ms (cache hit)
400 http cache mime-db@https://registry.npmjs.org/mime-db/-/mime-db-1.54.0.tgz 0ms (cache hit)
401 http cache ipaddr.js@https://registry.npmjs.org/ipaddr.js/-/ipaddr.js-1.9.1.tgz 0ms (cache hit)
402 http cache setprototypeof@https://registry.npmjs.org/setprototypeof/-/setprototypeof-1.2.0.tgz 0ms (cache hit)
403 http cache toidentifier@https://registry.npmjs.org/toidentifier/-/toidentifier-1.0.1.tgz 0ms (cache hit)
404 http cache inherits@https://registry.npmjs.org/inherits/-/inherits-2.0.4.tgz 0ms (cache hit)
405 http cache ms@https://registry.npmjs.org/ms/-/ms-2.1.3.tgz 0ms (cache hit)
406 http cache depd@https://registry.npmjs.org/depd/-/depd-2.0.0.tgz 0ms (cache hit)
407 http cache safe-buffer@https://registry.npmjs.org/safe-buffer/-/safe-buffer-5.2.1.tgz 0ms (cache hit)
408 http cache raw-body@https://registry.npmjs.org/raw-body/-/raw-body-3.0.0.tgz 0ms (cache hit)
409 http cache bytes@https://registry.npmjs.org/bytes/-/bytes-3.1.2.tgz 0ms (cache hit)
410 http cache iconv-lite@https://registry.npmjs.org/iconv-lite/-/iconv-lite-0.6.3.tgz 0ms (cache hit)
411 http cache negotiator@https://registry.npmjs.org/negotiator/-/negotiator-1.0.0.tgz 0ms (cache hit)
412 http cache vary@https://registry.npmjs.org/vary/-/vary-1.1.2.tgz 0ms (cache hit)
413 http cache type-is@https://registry.npmjs.org/type-is/-/type-is-2.0.1.tgz 0ms (cache hit)
414 http cache statuses@https://registry.npmjs.org/statuses/-/statuses-2.0.1.tgz 0ms (cache hit)
415 http cache serve-static@https://registry.npmjs.org/serve-static/-/serve-static-2.2.0.tgz 0ms (cache hit)
416 http cache send@https://registry.npmjs.org/send/-/send-1.2.0.tgz 0ms (cache hit)
417 http cache router@https://registry.npmjs.org/router/-/router-2.2.0.tgz 0ms (cache hit)
418 http cache range-parser@https://registry.npmjs.org/range-parser/-/range-parser-1.2.1.tgz 0ms (cache hit)
419 http cache qs@https://registry.npmjs.org/qs/-/qs-6.14.0.tgz 0ms (cache hit)
420 http cache proxy-addr@https://registry.npmjs.org/proxy-addr/-/proxy-addr-2.0.7.tgz 0ms (cache hit)
421 http cache parseurl@https://registry.npmjs.org/parseurl/-/parseurl-1.3.3.tgz 0ms (cache hit)
422 http cache once@https://registry.npmjs.org/once/-/once-1.4.0.tgz 0ms (cache hit)
423 http cache on-finished@https://registry.npmjs.org/on-finished/-/on-finished-2.4.1.tgz 0ms (cache hit)
424 http cache mime-types@https://registry.npmjs.org/mime-types/-/mime-types-3.0.1.tgz 0ms (cache hit)
425 http cache merge-descriptors@https://registry.npmjs.org/merge-descriptors/-/merge-descriptors-2.0.0.tgz 0ms (cache hit)
426 http cache http-errors@https://registry.npmjs.org/http-errors/-/http-errors-2.0.0.tgz 0ms (cache hit)
427 http cache fresh@https://registry.npmjs.org/fresh/-/fresh-2.0.0.tgz 0ms (cache hit)
428 http cache finalhandler@https://registry.npmjs.org/finalhandler/-/finalhandler-2.1.0.tgz 0ms (cache hit)
429 http cache etag@https://registry.npmjs.org/etag/-/etag-1.8.1.tgz 0ms (cache hit)
430 http cache escape-html@https://registry.npmjs.org/escape-html/-/escape-html-1.0.3.tgz 0ms (cache hit)
431 http cache encodeurl@https://registry.npmjs.org/encodeurl/-/encodeurl-2.0.0.tgz 0ms (cache hit)
432 http cache debug@https://registry.npmjs.org/debug/-/debug-4.4.0.tgz 0ms (cache hit)
433 http cache cookie-signature@https://registry.npmjs.org/cookie-signature/-/cookie-signature-1.2.2.tgz 0ms (cache hit)
434 http cache cookie@https://registry.npmjs.org/cookie/-/cookie-0.7.2.tgz 0ms (cache hit)
435 http cache content-type@https://registry.npmjs.org/content-type/-/content-type-1.0.5.tgz 0ms (cache hit)
436 http cache content-disposition@https://registry.npmjs.org/content-disposition/-/content-disposition-1.0.0.tgz 0ms (cache hit)
437 http cache body-parser@https://registry.npmjs.org/body-parser/-/body-parser-2.2.0.tgz 0ms (cache hit)
438 http cache safer-buffer@https://registry.npmjs.org/safer-buffer/-/safer-buffer-2.1.2.tgz 0ms (cache hit)
439 http cache accepts@https://registry.npmjs.org/accepts/-/accepts-2.0.0.tgz 0ms (cache hit)
440 http cache express@https://registry.npmjs.org/express/-/express-5.1.0.tgz 0ms (cache hit)
441 http fetch POST 200 https://registry.npmjs.org/-/npm/v1/security/advisories/bulk 330ms
442 silly audit report {}
443 silly ADD node_modules/media-typer
444 silly ADD node_modules/dunder-proto
445 silly ADD node_modules/math-intrinsics
446 silly ADD node_modules/hasown
447 silly ADD node_modules/has-symbols
448 silly ADD node_modules/gopd
449 silly ADD node_modules/get-proto
450 silly ADD node_modules/es-object-atoms
451 silly ADD node_modules/es-define-property
452 silly ADD node_modules/function-bind
453 silly ADD node_modules/call-bind-apply-helpers
454 silly ADD node_modules/get-intrinsic
455 silly ADD node_modules/call-bound
456 silly ADD node_modules/side-channel-weakmap
457 silly ADD node_modules/side-channel-map
458 silly ADD node_modules/side-channel-list
459 silly ADD node_modules/object-inspect
460 silly ADD node_modules/es-errors
461 silly ADD node_modules/path-to-regexp
462 silly ADD node_modules/is-promise
463 silly ADD node_modules/unpipe
464 silly ADD node_modules/side-channel
465 silly ADD node_modules/ipaddr.js
466 silly ADD node_modules/forwarded
467 silly ADD node_modules/wrappy
468 silly ADD node_modules/ee-first
469 silly ADD node_modules/mime-db
470 silly ADD node_modules/safer-buffer
471 silly ADD node_modules/toidentifier
472 silly ADD node_modules/setprototypeof
473 silly ADD node_modules/inherits
474 silly ADD node_modules/depd
475 silly ADD node_modules/ms
476 silly ADD node_modules/safe-buffer
477 silly ADD node_modules/raw-body
478 silly ADD node_modules/iconv-lite
479 silly ADD node_modules/bytes
480 silly ADD node_modules/negotiator
481 silly ADD node_modules/vary
482 silly ADD node_modules/type-is
483 silly ADD node_modules/statuses
484 silly ADD node_modules/serve-static
485 silly ADD node_modules/send
486 silly ADD node_modules/router
487 silly ADD node_modules/range-parser
488 silly ADD node_modules/qs
489 silly ADD node_modules/proxy-addr
490 silly ADD node_modules/parseurl
491 silly ADD node_modules/once
492 silly ADD node_modules/on-finished
493 silly ADD node_modules/mime-types
494 silly ADD node_modules/merge-descriptors
495 silly ADD node_modules/http-errors
496 silly ADD node_modules/fresh
497 silly ADD node_modules/finalhandler
498 silly ADD node_modules/etag
499 silly ADD node_modules/escape-html
500 silly ADD node_modules/encodeurl
501 silly ADD node_modules/debug
502 silly ADD node_modules/cookie-signature
503 silly ADD node_modules/cookie
504 silly ADD node_modules/content-type
505 silly ADD node_modules/content-disposition
506 silly ADD node_modules/body-parser
507 silly ADD node_modules/accepts
508 silly ADD node_modules/express
509 verbose cwd D:\Dictado Cursos\UTP\Software\proyectos\mi-proyecto-node
510 verbose os Windows_NT 10.0.19043
511 verbose node v22.15.0
512 verbose npm  v10.9.2
513 verbose exit 0
514 info ok
