0 verbose cli D:\Dictado Cursos\UTP\Software\nodejs\node.exe D:\Dictado Cursos\UTP\Software\nodejs\node_modules\npm\bin\npm-cli.js
1 info using npm@10.9.2
2 info using node@v22.15.0
3 silly config load:file:D:\Dictado Cursos\UTP\Software\nodejs\node_modules\npm\npmrc
4 silly config load:file:D:\Dictado Cursos\UTP\Software\proyectos\mi-proyecto-ts\mi-proyecto-ts\.npmrc
5 silly config load:file:C:\Users\ANTHONY\.npmrc
6 silly config load:file:D:\Dictado Cursos\UTP\Software\npm-global\etc\npmrc
7 verbose title npm run build
8 verbose argv "run" "build"
9 verbose logfile logs-max:10 dir:D:\Dictado Cursos\UTP\Software\npm-cache\_logs\2025-04-27T19_30_27_590Z-
10 verbose logfile D:\Dictado Cursos\UTP\Software\npm-cache\_logs\2025-04-27T19_30_27_590Z-debug-0.log
11 silly logfile start cleaning logs, removing 1 files
12 silly logfile done cleaning log files
13 verbose stack Error: Missing script: "build"
13 verbose stack
13 verbose stack To see a list of scripts, run:
13 verbose stack   npm run
13 verbose stack     at #run (D:\Dictado Cursos\UTP\Software\nodejs\node_modules\npm\lib\commands\run-script.js:111:13)
13 verbose stack     at async RunScript.exec (D:\Dictado Cursos\UTP\Software\nodejs\node_modules\npm\lib\commands\run-script.js:40:7)
13 verbose stack     at async Npm.exec (D:\Dictado Cursos\UTP\Software\nodejs\node_modules\npm\lib\npm.js:207:9)
13 verbose stack     at async module.exports (D:\Dictado Cursos\UTP\Software\nodejs\node_modules\npm\lib\cli\entry.js:74:5)
14 error Missing script: "build"
14 error
14 error To see a list of scripts, run:
14 error   npm run
15 verbose cwd D:\Dictado Cursos\UTP\Software\proyectos\mi-proyecto-ts\mi-proyecto-ts
16 verbose os Windows_NT 10.0.19043
17 verbose node v22.15.0
18 verbose npm  v10.9.2
19 verbose exit 1
20 verbose code 1
21 error A complete log of this run can be found in: D:\Dictado Cursos\UTP\Software\npm-cache\_logs\2025-04-27T19_30_27_590Z-debug-0.log
