0 verbose cli D:\Dictado Cursos\UTP\Software\nodejs\node.exe D:\Dictado Cursos\UTP\Software\nodejs\node_modules\npm\bin\npm-cli.js
1 info using npm@10.9.2
2 info using node@v22.15.0
3 silly config load:file:D:\Dictado Cursos\UTP\Software\nodejs\node_modules\npm\npmrc
4 silly config load:file:D:\Dictado Cursos\UTP\Software\proyectos\mi-proyecto-node\.npmrc
5 silly config load:file:C:\Users\ANTHONY\.npmrc
6 silly config load:file:D:\Dictado Cursos\UTP\Software\npm-global\etc\npmrc
7 verbose title npm install nodemon
8 verbose argv "install" "nodemon" "--save-dev"
9 verbose logfile logs-max:10 dir:D:\Dictado Cursos\UTP\Software\npm-cache\_logs\2025-04-27T19_50_50_343Z-
10 verbose logfile D:\Dictado Cursos\UTP\Software\npm-cache\_logs\2025-04-27T19_50_50_343Z-debug-0.log
11 silly logfile start cleaning logs, removing 1 files
12 silly packumentCache heap:2197815296 maxSize:549453824 maxEntrySize:274726912
13 silly logfile done cleaning log files
14 silly idealTree buildDeps
15 silly fetch manifest nodemon@*
16 silly packumentCache full:https://registry.npmjs.org/nodemon cache-miss
17 http fetch GET 200 https://registry.npmjs.org/nodemon 502ms (cache updated)
18 silly packumentCache full:https://registry.npmjs.org/nodemon set size:undefined disposed:false
19 silly placeDep ROOT nodemon@3.1.10 OK for: mi-proyecto-node@1.0.0 want: *
20 silly fetch manifest chokidar@^3.5.2
21 silly packumentCache full:https://registry.npmjs.org/chokidar cache-miss
22 silly fetch manifest ignore-by-default@^1.0.1
23 silly packumentCache full:https://registry.npmjs.org/ignore-by-default cache-miss
24 silly fetch manifest minimatch@^3.1.2
25 silly packumentCache full:https://registry.npmjs.org/minimatch cache-miss
26 http fetch GET 200 https://registry.npmjs.org/minimatch 112ms (cache updated)
27 silly packumentCache full:https://registry.npmjs.org/minimatch set size:undefined disposed:false
28 silly fetch manifest pstree.remy@^1.1.8
29 silly packumentCache full:https://registry.npmjs.org/pstree.remy cache-miss
30 http fetch GET 200 https://registry.npmjs.org/pstree.remy 101ms (cache updated)
31 silly packumentCache full:https://registry.npmjs.org/pstree.remy set size:undefined disposed:false
32 silly fetch manifest semver@^7.5.3
33 silly packumentCache full:https://registry.npmjs.org/semver cache-miss
34 http fetch GET 200 https://registry.npmjs.org/chokidar 308ms (cache updated)
35 silly packumentCache full:https://registry.npmjs.org/chokidar set size:undefined disposed:false
36 silly fetch manifest simple-update-notifier@^2.0.0
37 silly packumentCache full:https://registry.npmjs.org/simple-update-notifier cache-miss
38 http fetch GET 200 https://registry.npmjs.org/ignore-by-default 316ms (cache updated)
39 silly packumentCache full:https://registry.npmjs.org/ignore-by-default set size:undefined disposed:false
40 silly fetch manifest supports-color@^5.5.0
41 silly packumentCache full:https://registry.npmjs.org/supports-color cache-miss
42 http fetch GET 200 https://registry.npmjs.org/semver 111ms (cache updated)
43 silly packumentCache full:https://registry.npmjs.org/semver set size:undefined disposed:false
44 silly fetch manifest touch@^3.1.0
45 silly packumentCache full:https://registry.npmjs.org/touch cache-miss
46 http fetch GET 200 https://registry.npmjs.org/simple-update-notifier 93ms (cache updated)
47 silly packumentCache full:https://registry.npmjs.org/simple-update-notifier set size:undefined disposed:false
48 silly fetch manifest undefsafe@^2.0.5
49 silly packumentCache full:https://registry.npmjs.org/undefsafe cache-miss
50 http fetch GET 200 https://registry.npmjs.org/touch 90ms (cache updated)
51 silly packumentCache full:https://registry.npmjs.org/touch set size:undefined disposed:false
52 http fetch GET 200 https://registry.npmjs.org/supports-color 117ms (cache updated)
53 silly packumentCache full:https://registry.npmjs.org/supports-color set size:undefined disposed:false
54 http fetch GET 200 https://registry.npmjs.org/undefsafe 116ms (cache updated)
55 silly packumentCache full:https://registry.npmjs.org/undefsafe set size:undefined disposed:false
56 silly placeDep ROOT chokidar@3.6.0 OK for: nodemon@3.1.10 want: ^3.5.2
57 silly placeDep ROOT ignore-by-default@1.0.1 OK for: nodemon@3.1.10 want: ^1.0.1
58 silly placeDep ROOT minimatch@3.1.2 OK for: nodemon@3.1.10 want: ^3.1.2
59 silly placeDep ROOT pstree.remy@1.1.8 OK for: nodemon@3.1.10 want: ^1.1.8
60 silly placeDep ROOT semver@7.7.1 OK for: nodemon@3.1.10 want: ^7.5.3
61 silly placeDep ROOT simple-update-notifier@2.0.0 OK for: nodemon@3.1.10 want: ^2.0.0
62 silly placeDep ROOT supports-color@5.5.0 OK for: nodemon@3.1.10 want: ^5.5.0
63 silly placeDep ROOT touch@3.1.1 OK for: nodemon@3.1.10 want: ^3.1.0
64 silly placeDep ROOT undefsafe@2.0.5 OK for: nodemon@3.1.10 want: ^2.0.5
65 silly fetch manifest braces@~3.0.2
66 silly packumentCache full:https://registry.npmjs.org/braces cache-miss
67 silly fetch manifest is-glob@~4.0.1
68 silly packumentCache full:https://registry.npmjs.org/is-glob cache-miss
69 silly fetch manifest anymatch@~3.1.2
70 silly packumentCache full:https://registry.npmjs.org/anymatch cache-miss
71 http fetch GET 200 https://registry.npmjs.org/anymatch 97ms (cache updated)
72 silly packumentCache full:https://registry.npmjs.org/anymatch set size:undefined disposed:false
73 silly fetch manifest readdirp@~3.6.0
74 silly packumentCache full:https://registry.npmjs.org/readdirp cache-miss
75 http fetch GET 200 https://registry.npmjs.org/is-glob 100ms (cache updated)
76 silly packumentCache full:https://registry.npmjs.org/is-glob set size:undefined disposed:false
77 silly fetch manifest glob-parent@~5.1.2
78 silly packumentCache full:https://registry.npmjs.org/glob-parent cache-miss
79 http fetch GET 200 https://registry.npmjs.org/braces 105ms (cache updated)
80 silly packumentCache full:https://registry.npmjs.org/braces set size:undefined disposed:false
81 silly fetch manifest is-binary-path@~2.1.0
82 silly packumentCache full:https://registry.npmjs.org/is-binary-path cache-miss
83 http fetch GET 200 https://registry.npmjs.org/readdirp 99ms (cache updated)
84 silly packumentCache full:https://registry.npmjs.org/readdirp set size:undefined disposed:false
85 silly fetch manifest normalize-path@~3.0.0
86 silly packumentCache full:https://registry.npmjs.org/normalize-path cache-miss
87 http fetch GET 200 https://registry.npmjs.org/is-binary-path 106ms (cache updated)
88 silly packumentCache full:https://registry.npmjs.org/is-binary-path set size:undefined disposed:false
89 silly fetch manifest fsevents@~2.3.2
90 silly packumentCache full:https://registry.npmjs.org/fsevents cache-miss
91 http fetch GET 200 https://registry.npmjs.org/glob-parent 119ms (cache updated)
92 silly packumentCache full:https://registry.npmjs.org/glob-parent set size:undefined disposed:false
93 silly fetch manifest brace-expansion@^1.1.7
94 silly packumentCache full:https://registry.npmjs.org/brace-expansion cache-miss
95 http fetch GET 200 https://registry.npmjs.org/normalize-path 99ms (cache updated)
96 silly packumentCache full:https://registry.npmjs.org/normalize-path set size:undefined disposed:false
97 silly fetch manifest has-flag@^3.0.0
98 silly packumentCache full:https://registry.npmjs.org/has-flag cache-miss
99 http fetch GET 200 https://registry.npmjs.org/fsevents 101ms (cache updated)
100 silly packumentCache full:https://registry.npmjs.org/fsevents set size:undefined disposed:false
101 http fetch GET 200 https://registry.npmjs.org/brace-expansion 119ms (cache updated)
102 silly packumentCache full:https://registry.npmjs.org/brace-expansion set size:undefined disposed:false
103 http fetch GET 200 https://registry.npmjs.org/has-flag 102ms (cache updated)
104 silly packumentCache full:https://registry.npmjs.org/has-flag set size:undefined disposed:false
105 silly placeDep ROOT anymatch@3.1.3 OK for: chokidar@3.6.0 want: ~3.1.2
106 silly placeDep ROOT braces@3.0.3 OK for: chokidar@3.6.0 want: ~3.0.2
107 silly placeDep ROOT fsevents@2.3.3 OK for: chokidar@3.6.0 want: ~2.3.2
108 silly placeDep ROOT glob-parent@5.1.2 OK for: chokidar@3.6.0 want: ~5.1.2
109 silly placeDep ROOT is-binary-path@2.1.0 OK for: chokidar@3.6.0 want: ~2.1.0
110 silly placeDep ROOT is-glob@4.0.3 OK for: chokidar@3.6.0 want: ~4.0.1
111 silly placeDep ROOT normalize-path@3.0.0 OK for: chokidar@3.6.0 want: ~3.0.0
112 silly placeDep ROOT readdirp@3.6.0 OK for: chokidar@3.6.0 want: ~3.6.0
113 silly fetch manifest picomatch@^2.0.4
114 silly packumentCache full:https://registry.npmjs.org/picomatch cache-miss
115 silly fetch manifest normalize-path@^3.0.0
116 silly packumentCache full:https://registry.npmjs.org/normalize-path cache-miss
117 silly fetch manifest fill-range@^7.1.1
118 silly packumentCache full:https://registry.npmjs.org/fill-range cache-miss
119 http cache https://registry.npmjs.org/normalize-path 14ms (cache hit)
120 silly packumentCache full:https://registry.npmjs.org/normalize-path set size:28713 disposed:false
121 silly fetch manifest is-glob@^4.0.1
122 silly packumentCache full:https://registry.npmjs.org/is-glob cache-miss
123 http cache https://registry.npmjs.org/is-glob 6ms (cache hit)
124 silly packumentCache full:https://registry.npmjs.org/is-glob set size:40530 disposed:false
125 silly fetch manifest binary-extensions@^2.0.0
126 silly packumentCache full:https://registry.npmjs.org/binary-extensions cache-miss
127 http fetch GET 200 https://registry.npmjs.org/fill-range 99ms (cache updated)
128 silly packumentCache full:https://registry.npmjs.org/fill-range set size:undefined disposed:false
129 silly fetch manifest is-extglob@^2.1.1
130 silly packumentCache full:https://registry.npmjs.org/is-extglob cache-miss
131 http fetch GET 200 https://registry.npmjs.org/picomatch 102ms (cache updated)
132 silly packumentCache full:https://registry.npmjs.org/picomatch set size:undefined disposed:false
133 silly fetch manifest picomatch@^2.2.1
134 silly packumentCache full:https://registry.npmjs.org/picomatch cache-miss
135 http cache https://registry.npmjs.org/picomatch 8ms (cache hit)
136 silly packumentCache full:https://registry.npmjs.org/picomatch set size:116191 disposed:false
137 http fetch GET 200 https://registry.npmjs.org/binary-extensions 96ms (cache updated)
138 silly packumentCache full:https://registry.npmjs.org/binary-extensions set size:undefined disposed:false
139 http fetch GET 200 https://registry.npmjs.org/is-extglob 100ms (cache updated)
140 silly packumentCache full:https://registry.npmjs.org/is-extglob set size:undefined disposed:false
141 silly placeDep ROOT picomatch@2.3.1 OK for: anymatch@3.1.3 want: ^2.0.4
142 silly placeDep ROOT fill-range@7.1.1 OK for: braces@3.0.3 want: ^7.1.1
143 silly fetch manifest to-regex-range@^5.0.1
144 silly packumentCache full:https://registry.npmjs.org/to-regex-range cache-miss
145 http fetch GET 200 https://registry.npmjs.org/to-regex-range 88ms (cache updated)
146 silly packumentCache full:https://registry.npmjs.org/to-regex-range set size:undefined disposed:false
147 silly placeDep ROOT to-regex-range@5.0.1 OK for: fill-range@7.1.1 want: ^5.0.1
148 silly fetch manifest is-number@^7.0.0
149 silly packumentCache full:https://registry.npmjs.org/is-number cache-miss
150 http fetch GET 200 https://registry.npmjs.org/is-number 86ms (cache updated)
151 silly packumentCache full:https://registry.npmjs.org/is-number set size:undefined disposed:false
152 silly placeDep ROOT binary-extensions@2.3.0 OK for: is-binary-path@2.1.0 want: ^2.0.0
153 silly placeDep ROOT is-extglob@2.1.1 OK for: is-glob@4.0.3 want: ^2.1.1
154 silly placeDep ROOT brace-expansion@1.1.11 OK for: minimatch@3.1.2 want: ^1.1.7
155 silly fetch manifest balanced-match@^1.0.0
156 silly packumentCache full:https://registry.npmjs.org/balanced-match cache-miss
157 silly fetch manifest concat-map@0.0.1
158 silly packumentCache full:https://registry.npmjs.org/concat-map cache-miss
159 http fetch GET 200 https://registry.npmjs.org/concat-map 90ms (cache updated)
160 silly packumentCache full:https://registry.npmjs.org/concat-map set size:undefined disposed:false
161 http fetch GET 200 https://registry.npmjs.org/balanced-match 106ms (cache updated)
162 silly packumentCache full:https://registry.npmjs.org/balanced-match set size:undefined disposed:false
163 silly placeDep ROOT balanced-match@1.0.2 OK for: brace-expansion@1.1.11 want: ^1.0.0
164 silly placeDep ROOT concat-map@0.0.1 OK for: brace-expansion@1.1.11 want: 0.0.1
165 silly placeDep ROOT has-flag@3.0.0 OK for: supports-color@5.5.0 want: ^3.0.0
166 silly placeDep ROOT is-number@7.0.0 OK for: to-regex-range@5.0.1 want: ^7.0.0
167 silly reify moves {}
168 silly audit bulk request {
168 silly audit   accepts: [ '2.0.0' ],
168 silly audit   'body-parser': [ '2.2.0' ],
168 silly audit   bytes: [ '3.1.2' ],
168 silly audit   'call-bind-apply-helpers': [ '1.0.2' ],
168 silly audit   'call-bound': [ '1.0.4' ],
168 silly audit   'content-disposition': [ '1.0.0' ],
168 silly audit   'content-type': [ '1.0.5' ],
168 silly audit   cookie: [ '0.7.2' ],
168 silly audit   'cookie-signature': [ '1.2.2' ],
168 silly audit   debug: [ '4.4.0' ],
168 silly audit   depd: [ '2.0.0' ],
168 silly audit   'dunder-proto': [ '1.0.1' ],
168 silly audit   'ee-first': [ '1.1.1' ],
168 silly audit   encodeurl: [ '2.0.0' ],
168 silly audit   'es-define-property': [ '1.0.1' ],
168 silly audit   'es-errors': [ '1.3.0' ],
168 silly audit   'es-object-atoms': [ '1.1.1' ],
168 silly audit   'escape-html': [ '1.0.3' ],
168 silly audit   etag: [ '1.8.1' ],
168 silly audit   express: [ '5.1.0' ],
168 silly audit   finalhandler: [ '2.1.0' ],
168 silly audit   forwarded: [ '0.2.0' ],
168 silly audit   fresh: [ '2.0.0' ],
168 silly audit   'function-bind': [ '1.1.2' ],
168 silly audit   'get-intrinsic': [ '1.3.0' ],
168 silly audit   'get-proto': [ '1.0.1' ],
168 silly audit   gopd: [ '1.2.0' ],
168 silly audit   'has-symbols': [ '1.1.0' ],
168 silly audit   hasown: [ '2.0.2' ],
168 silly audit   'http-errors': [ '2.0.0' ],
168 silly audit   'iconv-lite': [ '0.6.3' ],
168 silly audit   inherits: [ '2.0.4' ],
168 silly audit   'ipaddr.js': [ '1.9.1' ],
168 silly audit   'is-promise': [ '4.0.0' ],
168 silly audit   'math-intrinsics': [ '1.1.0' ],
168 silly audit   'media-typer': [ '1.1.0' ],
168 silly audit   'merge-descriptors': [ '2.0.0' ],
168 silly audit   'mime-db': [ '1.54.0' ],
168 silly audit   'mime-types': [ '3.0.1' ],
168 silly audit   ms: [ '2.1.3' ],
168 silly audit   negotiator: [ '1.0.0' ],
168 silly audit   'object-inspect': [ '1.13.4' ],
168 silly audit   'on-finished': [ '2.4.1' ],
168 silly audit   once: [ '1.4.0' ],
168 silly audit   parseurl: [ '1.3.3' ],
168 silly audit   'path-to-regexp': [ '8.2.0' ],
168 silly audit   'proxy-addr': [ '2.0.7' ],
168 silly audit   qs: [ '6.14.0' ],
168 silly audit   'range-parser': [ '1.2.1' ],
168 silly audit   'raw-body': [ '3.0.0' ],
168 silly audit   router: [ '2.2.0' ],
168 silly audit   'safe-buffer': [ '5.2.1' ],
168 silly audit   'safer-buffer': [ '2.1.2' ],
168 silly audit   send: [ '1.2.0' ],
168 silly audit   'serve-static': [ '2.2.0' ],
168 silly audit   setprototypeof: [ '1.2.0' ],
168 silly audit   'side-channel': [ '1.1.0' ],
168 silly audit   'side-channel-list': [ '1.0.0' ],
168 silly audit   'side-channel-map': [ '1.0.1' ],
168 silly audit   'side-channel-weakmap': [ '1.0.2' ],
168 silly audit   statuses: [ '2.0.1' ],
168 silly audit   toidentifier: [ '1.0.1' ],
168 silly audit   'type-is': [ '2.0.1' ],
168 silly audit   unpipe: [ '1.0.0' ],
168 silly audit   vary: [ '1.1.2' ],
168 silly audit   wrappy: [ '1.0.2' ],
168 silly audit   nodemon: [ '3.1.10' ],
168 silly audit   chokidar: [ '3.6.0' ],
168 silly audit   'ignore-by-default': [ '1.0.1' ],
168 silly audit   minimatch: [ '3.1.2' ],
168 silly audit   'pstree.remy': [ '1.1.8' ],
168 silly audit   semver: [ '7.7.1' ],
168 silly audit   'simple-update-notifier': [ '2.0.0' ],
168 silly audit   'supports-color': [ '5.5.0' ],
168 silly audit   touch: [ '3.1.1' ],
168 silly audit   undefsafe: [ '2.0.5' ],
168 silly audit   anymatch: [ '3.1.3' ],
168 silly audit   braces: [ '3.0.3' ],
168 silly audit   fsevents: [ '2.3.3' ],
168 silly audit   'glob-parent': [ '5.1.2' ],
168 silly audit   'is-binary-path': [ '2.1.0' ],
168 silly audit   'is-glob': [ '4.0.3' ],
168 silly audit   'normalize-path': [ '3.0.0' ],
168 silly audit   readdirp: [ '3.6.0' ],
168 silly audit   picomatch: [ '2.3.1' ],
168 silly audit   'fill-range': [ '7.1.1' ],
168 silly audit   'to-regex-range': [ '5.0.1' ],
168 silly audit   'binary-extensions': [ '2.3.0' ],
168 silly audit   'is-extglob': [ '2.1.1' ],
168 silly audit   'brace-expansion': [ '1.1.11' ],
168 silly audit   'balanced-match': [ '1.0.2' ],
168 silly audit   'concat-map': [ '0.0.1' ],
168 silly audit   'has-flag': [ '3.0.0' ],
168 silly audit   'is-number': [ '7.0.0' ]
168 silly audit }
169 verbose reify failed optional dependency D:\Dictado Cursos\UTP\Software\proyectos\mi-proyecto-node\node_modules\fsevents
170 silly reify mark deleted [
170 silly reify   'D:\\Dictado Cursos\\UTP\\Software\\proyectos\\mi-proyecto-node\\node_modules\\fsevents'
170 silly reify ]
171 http cache is-number@https://registry.npmjs.org/is-number/-/is-number-7.0.0.tgz 0ms (cache hit)
172 http cache has-flag@https://registry.npmjs.org/has-flag/-/has-flag-3.0.0.tgz 1ms (cache hit)
173 http cache balanced-match@https://registry.npmjs.org/balanced-match/-/balanced-match-1.0.2.tgz 0ms (cache hit)
174 http cache concat-map@https://registry.npmjs.org/concat-map/-/concat-map-0.0.1.tgz 0ms (cache hit)
175 http cache brace-expansion@https://registry.npmjs.org/brace-expansion/-/brace-expansion-1.1.11.tgz 0ms (cache hit)
176 http cache is-extglob@https://registry.npmjs.org/is-extglob/-/is-extglob-2.1.1.tgz 0ms (cache hit)
177 http cache binary-extensions@https://registry.npmjs.org/binary-extensions/-/binary-extensions-2.3.0.tgz 0ms (cache hit)
178 http cache to-regex-range@https://registry.npmjs.org/to-regex-range/-/to-regex-range-5.0.1.tgz 0ms (cache hit)
179 http cache fill-range@https://registry.npmjs.org/fill-range/-/fill-range-7.1.1.tgz 0ms (cache hit)
180 http cache picomatch@https://registry.npmjs.org/picomatch/-/picomatch-2.3.1.tgz 0ms (cache hit)
181 http cache readdirp@https://registry.npmjs.org/readdirp/-/readdirp-3.6.0.tgz 0ms (cache hit)
182 http cache normalize-path@https://registry.npmjs.org/normalize-path/-/normalize-path-3.0.0.tgz 0ms (cache hit)
183 http cache is-glob@https://registry.npmjs.org/is-glob/-/is-glob-4.0.3.tgz 0ms (cache hit)
184 http cache is-binary-path@https://registry.npmjs.org/is-binary-path/-/is-binary-path-2.1.0.tgz 0ms (cache hit)
185 http cache glob-parent@https://registry.npmjs.org/glob-parent/-/glob-parent-5.1.2.tgz 0ms (cache hit)
186 http cache braces@https://registry.npmjs.org/braces/-/braces-3.0.3.tgz 0ms (cache hit)
187 http cache undefsafe@https://registry.npmjs.org/undefsafe/-/undefsafe-2.0.5.tgz 0ms (cache hit)
188 http cache touch@https://registry.npmjs.org/touch/-/touch-3.1.1.tgz 0ms (cache hit)
189 http cache supports-color@https://registry.npmjs.org/supports-color/-/supports-color-5.5.0.tgz 0ms (cache hit)
190 http cache simple-update-notifier@https://registry.npmjs.org/simple-update-notifier/-/simple-update-notifier-2.0.0.tgz 0ms (cache hit)
191 http cache semver@https://registry.npmjs.org/semver/-/semver-7.7.1.tgz 0ms (cache hit)
192 http cache pstree.remy@https://registry.npmjs.org/pstree.remy/-/pstree.remy-1.1.8.tgz 0ms (cache hit)
193 http cache minimatch@https://registry.npmjs.org/minimatch/-/minimatch-3.1.2.tgz 0ms (cache hit)
194 http cache ignore-by-default@https://registry.npmjs.org/ignore-by-default/-/ignore-by-default-1.0.1.tgz 0ms (cache hit)
195 http cache anymatch@https://registry.npmjs.org/anymatch/-/anymatch-3.1.3.tgz 0ms (cache hit)
196 http cache chokidar@https://registry.npmjs.org/chokidar/-/chokidar-3.6.0.tgz 0ms (cache hit)
197 http cache nodemon@https://registry.npmjs.org/nodemon/-/nodemon-3.1.10.tgz 0ms (cache hit)
198 http fetch POST 200 https://registry.npmjs.org/-/npm/v1/security/advisories/bulk 272ms
199 silly audit report {}
200 silly ADD node_modules/is-number
201 silly ADD node_modules/has-flag
202 silly ADD node_modules/concat-map
203 silly ADD node_modules/balanced-match
204 silly ADD node_modules/brace-expansion
205 silly ADD node_modules/is-extglob
206 silly ADD node_modules/binary-extensions
207 silly ADD node_modules/to-regex-range
208 silly ADD node_modules/fill-range
209 silly ADD node_modules/picomatch
210 silly ADD node_modules/readdirp
211 silly ADD node_modules/normalize-path
212 silly ADD node_modules/is-glob
213 silly ADD node_modules/is-binary-path
214 silly ADD node_modules/glob-parent
215 silly ADD
216 silly ADD node_modules/braces
217 silly ADD node_modules/anymatch
218 silly ADD node_modules/undefsafe
219 silly ADD node_modules/touch
220 silly ADD node_modules/supports-color
221 silly ADD node_modules/simple-update-notifier
222 silly ADD node_modules/semver
223 silly ADD node_modules/pstree.remy
224 silly ADD node_modules/minimatch
225 silly ADD node_modules/ignore-by-default
226 silly ADD node_modules/chokidar
227 silly ADD node_modules/nodemon
228 verbose cwd D:\Dictado Cursos\UTP\Software\proyectos\mi-proyecto-node
229 verbose os Windows_NT 10.0.19043
230 verbose node v22.15.0
231 verbose npm  v10.9.2
232 verbose exit 0
233 info ok
